SF:lib\bloc_cubit\movie_repository.dart
DA:9,0
DA:14,0
DA:16,0
DA:17,0
DA:18,0
DA:19,0
DA:20,0
LF:7
LH:0
end_of_record
SF:lib\dashboard\dashboard_page.dart
DA:7,1
DA:8,1
DA:12,1
DA:14,4
DA:16,1
DA:19,1
DA:21,1
DA:22,1
DA:24,1
DA:25,1
DA:26,1
DA:27,1
DA:28,1
DA:32,1
DA:33,1
DA:34,1
DA:39,1
DA:41,1
DA:44,1
DA:45,1
DA:46,3
DA:63,1
DA:64,1
DA:65,1
DA:67,1
DA:68,2
DA:69,1
DA:70,1
DA:71,4
DA:72,4
DA:74,0
DA:75,1
DA:76,1
DA:77,3
DA:78,1
DA:79,1
DA:80,2
DA:81,1
DA:82,4
DA:84,0
DA:85,0
DA:89,1
DA:90,4
DA:93,4
DA:105,2
LF:45
LH:42
end_of_record
SF:lib\dashboard\cart_event.dart
DA:8,0
DA:9,0
DA:14,1
DA:16,0
DA:17,0
DA:21,0
DA:23,0
DA:24,0
LF:8
LH:1
end_of_record
SF:lib\dashboard\product_state.dart
DA:6,0
DA:7,0
DA:11,0
DA:12,0
DA:19,1
DA:21,1
DA:22,3
DA:24,1
DA:25,2
LF:9
LH:5
end_of_record
SF:lib\dashboard\product_bloc.dart
DA:14,3
DA:15,2
DA:16,2
DA:17,2
DA:21,1
DA:22,2
DA:23,3
DA:24,2
DA:27,1
DA:28,1
DA:29,1
DA:30,2
DA:31,2
DA:32,2
DA:34,0
DA:35,0
DA:36,0
DA:37,0
DA:38,0
DA:39,0
LF:20
LH:14
end_of_record
SF:lib\model\movie_model.dart
DA:2,1
LF:1
LH:1
end_of_record
